<?xml version="1.0" encoding="UTF-8"?>
<!-- Generated by org.testng.reporters.JUnitReportReporter -->
<testsuite hostname="DESKTOP-INBM9UJ" failures="0" tests="5" name="sep13.Using_Dataprovider" time="17.427" errors="0" timestamp="2023-09-15T02:34:48 IST" skipped="0">
  <testcase classname="sep13.Using_Dataprovider" name="validate_login" time="2.439">
    <system-out>
      <![CDATA[login success::dashboard; http://orangehrm.qedgetech.com/symfony/web/index.php/dashboard]]>
    </system-out>
  </testcase> <!-- validate_login -->
  <testcase classname="sep13.Using_Dataprovider" name="validate_login" time="10.683">
    <system-out>
      <![CDATA[login success::dashboard; http://orangehrm.qedgetech.com/symfony/web/index.php/dashboard]]>
    </system-out>
  </testcase> <!-- validate_login -->
  <testcase classname="sep13.Using_Dataprovider" name="validate_login" time="1.336">
    <system-out>
      <![CDATA[login fail::dashboard; http://orangehrm.qedgetech.com/symfony/web/index.php/auth/validateCredentials]]>
    </system-out>
  </testcase> <!-- validate_login -->
  <testcase classname="sep13.Using_Dataprovider" name="validate_login" time="1.571">
    <system-out>
      <![CDATA[login success::dashboard; http://orangehrm.qedgetech.com/symfony/web/index.php/dashboard]]>
    </system-out>
  </testcase> <!-- validate_login -->
  <testcase classname="sep13.Using_Dataprovider" name="validate_login" time="1.398">
    <system-out>
      <![CDATA[login success::dashboard; http://orangehrm.qedgetech.com/symfony/web/index.php/dashboard]]>
    </system-out>
  </testcase> <!-- validate_login -->
  <system-out>
    <![CDATA[login success::dashboard; http://orangehrm.qedgetech.com/symfony/web/index.php/dashboard
login success::dashboard; http://orangehrm.qedgetech.com/symfony/web/index.php/dashboard
login fail::dashboard; http://orangehrm.qedgetech.com/symfony/web/index.php/auth/validateCredentials
login success::dashboard; http://orangehrm.qedgetech.com/symfony/web/index.php/dashboard
login success::dashboard; http://orangehrm.qedgetech.com/symfony/web/index.php/dashboard]]>
  </system-out>
</testsuite> <!-- sep13.Using_Dataprovider -->
