<?xml version="1.0" encoding="UTF-8"?>
<!-- Generated by org.testng.reporters.JUnitReportReporter -->
<testsuite hostname="DESKTOP-INBM9UJ" failures="0" tests="5" name="sep13.Demo_Ignore" time="26.787" errors="0" timestamp="2023-09-15T01:07:15 IST" skipped="2">
  <testcase classname="sep13.Demo_Ignore" name="division" time="10.821">
    <system-out>
      <![CDATA[99999  Executing Division Test]]>
    </system-out>
  </testcase> <!-- division -->
  <testcase classname="sep13.Demo_Ignore" name="division" time="7.824">
    <system-out>
      <![CDATA[99999  Executing Division Test]]>
    </system-out>
  </testcase> <!-- division -->
  <testcase classname="sep13.Demo_Ignore" name="division" time="8.142">
    <system-out>
      <![CDATA[99999  Executing Division Test]]>
    </system-out>
  </testcase> <!-- division -->
  <testcase classname="sep13.Demo_Ignore" name="multiplication">
    <skipped/>
  </testcase> <!-- multiplication -->
  <testcase classname="sep13.Demo_Ignore" name="addition">
    <skipped/>
  </testcase> <!-- addition -->
  <system-out>
    <![CDATA[Running Preconditions
99999  Executing Division Test
Running Postconditions
Running Preconditions
99999  Executing Division Test
Running Postconditions
Running Preconditions
99999  Executing Division Test
Running Postconditions]]>
  </system-out>
</testsuite> <!-- sep13.Demo_Ignore -->
