<?xml version="1.0" encoding="UTF-8"?>
<!-- Generated by org.testng.reporters.JUnitReportReporter -->
<testsuite hostname="DESKTOP-INBM9UJ" failures="0" tests="10" name="Sep14.Cross_BrowserTesting" time="25.389" errors="0" timestamp="2023-09-16T21:40:36 IST" skipped="0">
  <testcase classname="Sep14.Cross_BrowserTesting" name="validate_login" time="1.086">
    <system-out>
      <![CDATA[login fail::dashboard; http://orangehrm.qedgetech.com/symfony/web/index.php/auth/validateCredentials]]>
    </system-out>
  </testcase> <!-- validate_login -->
  <testcase classname="Sep14.Cross_BrowserTesting" name="validate_login" time="1.790">
    <system-out>
      <![CDATA[login success::dashboard; http://orangehrm.qedgetech.com/symfony/web/index.php/dashboard]]>
    </system-out>
  </testcase> <!-- validate_login -->
  <testcase classname="Sep14.Cross_BrowserTesting" name="validate_login" time="1.773">
    <system-out>
      <![CDATA[login success::dashboard; http://orangehrm.qedgetech.com/symfony/web/index.php/dashboard]]>
    </system-out>
  </testcase> <!-- validate_login -->
  <testcase classname="Sep14.Cross_BrowserTesting" name="validate_login" time="1.176">
    <system-out>
      <![CDATA[login success::dashboard; http://orangehrm.qedgetech.com/symfony/web/index.php/dashboard]]>
    </system-out>
  </testcase> <!-- validate_login -->
  <testcase classname="Sep14.Cross_BrowserTesting" name="validate_login" time="1.102">
    <system-out>
      <![CDATA[login fail::dashboard; http://orangehrm.qedgetech.com/symfony/web/index.php/auth/validateCredentials]]>
    </system-out>
  </testcase> <!-- validate_login -->
  <testcase classname="Sep14.Cross_BrowserTesting" name="validate_login" time="7.423">
    <system-out>
      <![CDATA[login success::dashboard; http://orangehrm.qedgetech.com/symfony/web/index.php/dashboard]]>
    </system-out>
  </testcase> <!-- validate_login -->
  <testcase classname="Sep14.Cross_BrowserTesting" name="validate_login" time="1.367">
    <system-out>
      <![CDATA[login success::dashboard; http://orangehrm.qedgetech.com/symfony/web/index.php/dashboard]]>
    </system-out>
  </testcase> <!-- validate_login -->
  <testcase classname="Sep14.Cross_BrowserTesting" name="validate_login" time="1.129">
    <system-out>
      <![CDATA[login success::dashboard; http://orangehrm.qedgetech.com/symfony/web/index.php/dashboard]]>
    </system-out>
  </testcase> <!-- validate_login -->
  <testcase classname="Sep14.Cross_BrowserTesting" name="validate_login" time="7.030">
    <system-out>
      <![CDATA[login success::dashboard; http://orangehrm.qedgetech.com/symfony/web/index.php/dashboard]]>
    </system-out>
  </testcase> <!-- validate_login -->
  <testcase classname="Sep14.Cross_BrowserTesting" name="validate_login" time="1.513">
    <system-out>
      <![CDATA[login success::dashboard; http://orangehrm.qedgetech.com/symfony/web/index.php/dashboard]]>
    </system-out>
  </testcase> <!-- validate_login -->
  <system-out>
    <![CDATA[login success::dashboard; http://orangehrm.qedgetech.com/symfony/web/index.php/dashboard
login success::dashboard; http://orangehrm.qedgetech.com/symfony/web/index.php/dashboard
login fail::dashboard; http://orangehrm.qedgetech.com/symfony/web/index.php/auth/validateCredentials
login success::dashboard; http://orangehrm.qedgetech.com/symfony/web/index.php/dashboard
login success::dashboard; http://orangehrm.qedgetech.com/symfony/web/index.php/dashboard
login success::dashboard; http://orangehrm.qedgetech.com/symfony/web/index.php/dashboard
login success::dashboard; http://orangehrm.qedgetech.com/symfony/web/index.php/dashboard
login fail::dashboard; http://orangehrm.qedgetech.com/symfony/web/index.php/auth/validateCredentials
login success::dashboard; http://orangehrm.qedgetech.com/symfony/web/index.php/dashboard
login success::dashboard; http://orangehrm.qedgetech.com/symfony/web/index.php/dashboard]]>
  </system-out>
</testsuite> <!-- Sep14.Cross_BrowserTesting -->
