<?xml version="1.0" encoding="UTF-8"?>
<!-- Generated by org.testng.reporters.JUnitReportReporter -->
<testsuite hostname="DESKTOP-INBM9UJ" failures="0" tests="3" name="sep11.FirstTestNG" time="2.323" errors="0" timestamp="2023-09-15T01:24:59 IST" skipped="0">
  <testcase classname="sep11.FirstTestNG" name="branches" time="0.969">
    <system-out>
      <![CDATA[Executing Branches Test]]>
    </system-out>
  </testcase> <!-- branches -->
  <testcase classname="sep11.FirstTestNG" name="roles" time="0.501">
    <system-out>
      <![CDATA[Executing Roles Test]]>
    </system-out>
  </testcase> <!-- roles -->
  <testcase classname="sep11.FirstTestNG" name="users" time="0.853">
    <system-out>
      <![CDATA[Executing Users Test]]>
    </system-out>
  </testcase> <!-- users -->
  <system-out>
    <![CDATA[Running Preconditions
Executing Branches Test
Executing Roles Test
Executing Users Test
Running Preconditions
167.30421686746988  Executing Addition Test
Running Postconditions
Running Preconditions
99999  Executing Division Test
Running Postconditions
Running Preconditions
408  Executing Multiplication Test
Running Postconditions
Running Post Conditions]]>
  </system-out>
</testsuite> <!-- sep11.FirstTestNG -->
