<?xml version="1.0" encoding="UTF-8"?>
<!-- Generated by org.testng.reporters.JUnitReportReporter -->
<testsuite hostname="DESKTOP-INBM9UJ" failures="0" tests="1" name="Sep14.Demo1" time="12.706" errors="0" timestamp="2023-09-16T22:52:29 IST" skipped="0">
  <testcase classname="Sep14.Demo1" name="startTest" time="12.706"/>
</testsuite> <!-- Sep14.Demo1 -->
