<?xml version="1.0" encoding="UTF-8"?>
<!-- Generated by org.testng.reporters.JUnitReportReporter -->
<testsuite hostname="DESKTOP-INBM9UJ" failures="0" tests="1" name="Sep14.Demo2" time="11.428" errors="0" timestamp="2023-09-16T22:55:57 IST" skipped="0">
  <testcase classname="Sep14.Demo2" name="startTest" time="11.428"/>
</testsuite> <!-- Sep14.Demo2 -->
