<?xml version="1.0" encoding="UTF-8"?>
<!-- Generated by org.testng.reporters.JUnitReportReporter -->
<testsuite hostname="DESKTOP-INBM9UJ" failures="0" tests="2" name="sep20.Advance_Reports" time="34.452" errors="0" timestamp="2023-09-22T09:00:11 IST" skipped="0">
  <testcase classname="sep20.Advance_Reports" name="testpass" time="23.082"/>
  <testcase classname="sep20.Advance_Reports" name="testfail" time="11.370"/>
</testsuite> <!-- sep20.Advance_Reports -->
