<?xml version="1.0" encoding="UTF-8"?>
<!-- Generated by org.testng.reporters.JUnitReportReporter -->
<testsuite hostname="DESKTOP-INBM9UJ" failures="0" tests="3" name="sep11.ThirdTestNG" time="2.254" errors="0" timestamp="2023-09-15T01:24:59 IST" skipped="0">
  <testcase classname="sep11.ThirdTestNG" name="cbanking" time="0.447"/>
  <testcase classname="sep11.ThirdTestNG" name="ibanking" time="0.335"/>
  <testcase classname="sep11.ThirdTestNG" name="pbanking" time="1.472"/>
  <system-out>
    <![CDATA[Running Preconditions
Executing Branches Test
Executing Roles Test
Executing Users Test
Running Preconditions
167.30421686746988  Executing Addition Test
Running Postconditions
Running Preconditions
99999  Executing Division Test
Running Postconditions
Running Preconditions
408  Executing Multiplication Test
Running Postconditions
Running Post Conditions]]>
  </system-out>
</testsuite> <!-- sep11.ThirdTestNG -->
