<?xml version="1.0" encoding="UTF-8"?>
<!-- Generated by org.testng.reporters.JUnitReportReporter -->
<testsuite hostname="DESKTOP-INBM9UJ" failures="0" tests="1" name="Sep15.Register_Demo" time="6.362" errors="0" timestamp="2023-09-17T17:30:25 IST" skipped="0">
  <testcase classname="Sep15.Register_Demo" name="startTest" time="6.362"/>
</testsuite> <!-- Sep15.Register_Demo -->
