<?xml version="1.0" encoding="UTF-8"?>
<!-- Generated by org.testng.reporters.JUnitReportReporter -->
<testsuite hostname="DESKTOP-INBM9UJ" failures="0" tests="3" name="sep11.SecondTestNG" time="29.404" errors="0" timestamp="2023-09-15T01:24:59 IST" skipped="0">
  <testcase classname="sep11.SecondTestNG" name="addition" time="10.991">
    <system-out>
      <![CDATA[167.30421686746988  Executing Addition Test]]>
    </system-out>
  </testcase> <!-- addition -->
  <testcase classname="sep11.SecondTestNG" name="division" time="8.992">
    <system-out>
      <![CDATA[99999  Executing Division Test]]>
    </system-out>
  </testcase> <!-- division -->
  <testcase classname="sep11.SecondTestNG" name="multiplication" time="9.421">
    <system-out>
      <![CDATA[408  Executing Multiplication Test]]>
    </system-out>
  </testcase> <!-- multiplication -->
  <system-out>
    <![CDATA[Running Preconditions
Executing Branches Test
Executing Roles Test
Executing Users Test
Running Preconditions
167.30421686746988  Executing Addition Test
Running Postconditions
Running Preconditions
99999  Executing Division Test
Running Postconditions
Running Preconditions
408  Executing Multiplication Test
Running Postconditions
Running Post Conditions]]>
  </system-out>
</testsuite> <!-- sep11.SecondTestNG -->
