<?xml version="1.0" encoding="UTF-8"?>
<!-- Generated by org.testng.reporters.JUnitReportReporter -->
<testsuite hostname="DESKTOP-INBM9UJ" failures="0" tests="3" name="sep13.Demo_priority" time="36.347" errors="0" timestamp="2023-09-15T00:53:31 IST" skipped="0">
  <testcase classname="sep13.Demo_priority" name="addition" time="18.112">
    <system-out>
      <![CDATA[167.30421686746988  Executing Addition Test]]>
    </system-out>
  </testcase> <!-- addition -->
  <testcase classname="sep13.Demo_priority" name="multiplication" time="9.097">
    <system-out>
      <![CDATA[408  Executing Multiplication Test]]>
    </system-out>
  </testcase> <!-- multiplication -->
  <testcase classname="sep13.Demo_priority" name="division" time="9.138">
    <system-out>
      <![CDATA[99999  Executing Division Test]]>
    </system-out>
  </testcase> <!-- division -->
  <system-out>
    <![CDATA[Running Preconditions
167.30421686746988  Executing Addition Test
Running Postconditions
Running Preconditions
408  Executing Multiplication Test
Running Postconditions
Running Preconditions
99999  Executing Division Test
Running Postconditions]]>
  </system-out>
</testsuite> <!-- sep13.Demo_priority -->
